<?xml version="1.0" encoding="UTF-8"?>
<!-- Generated by org.testng.reporters.JUnitReportReporter -->
<testsuite hostname="DESKTOP-OGSNCQI" failures="0" tests="3" name="TestCase.Testclass" time="0.016" errors="0" timestamp="26 Apr 2021 11:11:54 GMT" skipped="0">
  <testcase classname="TestCase.Testclass" name="Test" time="0.016"/>
  <testcase classname="TestCase.Testclass" name="Test" time="0.000"/>
  <testcase classname="TestCase.Testclass" name="Test" time="0.000"/>
</testsuite> <!-- TestCase.Testclass -->
